<?xml version="1.0" encoding="UTF-8"?>
<!-- Generated by org.testng.reporters.JUnitXMLReporter -->
<testsuite hostname="INLH104910" ignored="0" name="Command line test" tests="1" failures="1" timestamp="2020-05-27T18:58:19 IST" time="13.173" errors="0">
  <testcase name="testUntitled" time="8.304" classname="com.practice.programs.WaitTest">
    <failure type="java.lang.NullPointerException">
      <![CDATA[java.lang.NullPointerException
at com.practice.programs.WaitTest.testUntitled(WaitTest.java:48)
at java.util.ArrayList.forEach(ArrayList.java:1257)
... Removed 37 stack frames]]>
    </failure>
  </testcase> <!-- testUntitled -->
</testsuite> <!-- Command line test -->
