<?xml version="1.0" encoding="UTF-8"?>
<testng-results skipped="0" failed="0" ignored="0" total="0" passed="0">
  <reporter-output>
  </reporter-output>
  <suite name="com.javapractice.programs.proxyTest" duration-ms="7" started-at="2020-05-05T11:39:11 IST" finished-at="2020-05-05T11:39:11 IST">
    <groups>
    </groups>
    <test name="Command line test" duration-ms="7" started-at="2020-05-05T11:39:11 IST" finished-at="2020-05-05T11:39:11 IST">
    </test> <!-- Command line test -->
  </suite> <!-- com.javapractice.programs.proxyTest -->
</testng-results>
